kotlin version: 2.0.21
error message: org.jetbrains.kotlin.backend.common.BackendException: Backend Internal error: Exception during IR lowering
File being compiled: /Users/mucher/AndroidStudioProjects/ListaElementos/app/src/main/java/com/example/listaelementos/CadastroActivity.kt
The root cause java.lang.RuntimeException was thrown at: org.jetbrains.kotlin.backend.jvm.codegen.FunctionCodegen.generate(FunctionCodegen.kt:47)
	at org.jetbrains.kotlin.backend.common.CodegenUtil.reportBackendException(CodegenUtil.kt:253)
	at org.jetbrains.kotlin.backend.common.CodegenUtil.reportBackendException$default(CodegenUtil.kt:236)
	at org.jetbrains.kotlin.backend.common.phaser.PerformByIrFilePhase.invokeSequential(performByIrFile.kt:65)
	at org.jetbrains.kotlin.backend.common.phaser.PerformByIrFilePhase.invoke(performByIrFile.kt:52)
	at org.jetbrains.kotlin.backend.common.phaser.PerformByIrFilePhase.invoke(performByIrFile.kt:38)
	at org.jetbrains.kotlin.backend.common.phaser.NamedCompilerPhase.phaseBody(CompilerPhase.kt:166)
	at org.jetbrains.kotlin.backend.common.phaser.AbstractNamedCompilerPhase.invoke(CompilerPhase.kt:113)
	at org.jetbrains.kotlin.backend.common.phaser.CompositePhase.invoke(PhaseBuilders.kt:27)
	at org.jetbrains.kotlin.backend.common.phaser.CompositePhase.invoke(PhaseBuilders.kt:14)
	at org.jetbrains.kotlin.backend.common.phaser.NamedCompilerPhase.phaseBody(CompilerPhase.kt:166)
	at org.jetbrains.kotlin.backend.common.phaser.AbstractNamedCompilerPhase.invoke(CompilerPhase.kt:113)
	at org.jetbrains.kotlin.backend.common.phaser.CompilerPhaseKt.invokeToplevel(CompilerPhase.kt:62)
	at org.jetbrains.kotlin.backend.jvm.JvmIrCodegenFactory.invokeCodegen(JvmIrCodegenFactory.kt:371)
	at org.jetbrains.kotlin.codegen.CodegenFactory.generateModule(CodegenFactory.kt:47)
	at org.jetbrains.kotlin.backend.jvm.JvmIrCodegenFactory.generateModuleInFrontendIRMode(JvmIrCodegenFactory.kt:433)
	at org.jetbrains.kotlin.cli.jvm.compiler.pipeline.JvmCompilerPipelineKt.generateCodeFromIr(jvmCompilerPipeline.kt:246)
	at org.jetbrains.kotlin.cli.jvm.compiler.pipeline.JvmCompilerPipelineKt.compileModulesUsingFrontendIrAndLightTree(jvmCompilerPipeline.kt:142)
	at org.jetbrains.kotlin.cli.jvm.K2JVMCompiler.doExecute(K2JVMCompiler.kt:148)
	at org.jetbrains.kotlin.cli.jvm.K2JVMCompiler.doExecute(K2JVMCompiler.kt:43)
	at org.jetbrains.kotlin.cli.common.CLICompiler.execImpl(CLICompiler.kt:103)
	at org.jetbrains.kotlin.cli.common.CLICompiler.execImpl(CLICompiler.kt:49)
	at org.jetbrains.kotlin.cli.common.CLITool.exec(CLITool.kt:101)
	at org.jetbrains.kotlin.incremental.IncrementalJvmCompilerRunner.runCompiler(IncrementalJvmCompilerRunner.kt:464)
	at org.jetbrains.kotlin.incremental.IncrementalJvmCompilerRunner.runCompiler(IncrementalJvmCompilerRunner.kt:73)
	at org.jetbrains.kotlin.incremental.IncrementalCompilerRunner.doCompile(IncrementalCompilerRunner.kt:506)
	at org.jetbrains.kotlin.incremental.IncrementalCompilerRunner.compileImpl(IncrementalCompilerRunner.kt:423)
	at org.jetbrains.kotlin.incremental.IncrementalCompilerRunner.tryCompileIncrementally$lambda$9$compile(IncrementalCompilerRunner.kt:249)
	at org.jetbrains.kotlin.incremental.IncrementalCompilerRunner.tryCompileIncrementally(IncrementalCompilerRunner.kt:267)
	at org.jetbrains.kotlin.incremental.IncrementalCompilerRunner.compile(IncrementalCompilerRunner.kt:120)
	at org.jetbrains.kotlin.daemon.CompileServiceImplBase.execIncrementalCompiler(CompileServiceImpl.kt:675)
	at org.jetbrains.kotlin.daemon.CompileServiceImplBase.access$execIncrementalCompiler(CompileServiceImpl.kt:92)
	at org.jetbrains.kotlin.daemon.CompileServiceImpl.compile(CompileServiceImpl.kt:1660)
	at java.base/jdk.internal.reflect.DirectMethodHandleAccessor.invoke(Unknown Source)
	at java.base/java.lang.reflect.Method.invoke(Unknown Source)
	at java.rmi/sun.rmi.server.UnicastServerRef.dispatch(Unknown Source)
	at java.rmi/sun.rmi.transport.Transport$1.run(Unknown Source)
	at java.rmi/sun.rmi.transport.Transport$1.run(Unknown Source)
	at java.base/java.security.AccessController.doPrivileged(Unknown Source)
	at java.rmi/sun.rmi.transport.Transport.serviceCall(Unknown Source)
	at java.rmi/sun.rmi.transport.tcp.TCPTransport.handleMessages(Unknown Source)
	at java.rmi/sun.rmi.transport.tcp.TCPTransport$ConnectionHandler.run0(Unknown Source)
	at java.rmi/sun.rmi.transport.tcp.TCPTransport$ConnectionHandler.lambda$run$0(Unknown Source)
	at java.base/java.security.AccessController.doPrivileged(Unknown Source)
	at java.rmi/sun.rmi.transport.tcp.TCPTransport$ConnectionHandler.run(Unknown Source)
	at java.base/java.util.concurrent.ThreadPoolExecutor.runWorker(Unknown Source)
	at java.base/java.util.concurrent.ThreadPoolExecutor$Worker.run(Unknown Source)
	at java.base/java.lang.Thread.run(Unknown Source)
Caused by: java.lang.RuntimeException: Exception while generating code for:
FUN LOCAL_FUNCTION_FOR_LAMBDA name:onCreate$lambda$0 visibility:private modality:FINAL <> (this$0:com.example.listaelementos.CadastroActivity, $txt_produto:@[FlexibleNullability] android.widget.EditText?, $txt_valor:@[FlexibleNullability] android.widget.EditText?, $txt_qtd:@[FlexibleNullability] android.widget.EditText?, $img_foto_produto:@[FlexibleNullability] android.widget.ImageView?, it:@[FlexibleNullability] android.view.View?) returnType:kotlin.Unit
  VALUE_PARAMETER BOUND_VALUE_PARAMETER name:this$0 index:0 type:com.example.listaelementos.CadastroActivity
  VALUE_PARAMETER BOUND_VALUE_PARAMETER name:$txt_produto index:1 type:@[FlexibleNullability] android.widget.EditText?
  VALUE_PARAMETER BOUND_VALUE_PARAMETER name:$txt_valor index:2 type:@[FlexibleNullability] android.widget.EditText?
  VALUE_PARAMETER BOUND_VALUE_PARAMETER name:$txt_qtd index:3 type:@[FlexibleNullability] android.widget.EditText?
  VALUE_PARAMETER BOUND_VALUE_PARAMETER name:$img_foto_produto index:4 type:@[FlexibleNullability] android.widget.ImageView?
  VALUE_PARAMETER name:it index:5 type:@[FlexibleNullability] android.view.View?
  BLOCK_BODY
    VAR name:scope type:kotlinx.coroutines.CoroutineScope [val]
      CALL 'public final fun rememberCoroutineScope$default (getContext: @[DisallowComposableCalls] kotlin.Function0<kotlin.coroutines.CoroutineContext>?, $mask0: kotlin.Int, $handler: kotlin.Any?): kotlinx.coroutines.CoroutineScope [inline] declared in androidx.compose.runtime.EffectsKt' type=kotlinx.coroutines.CoroutineScope origin=DEFAULT_DISPATCH_CALL
        getContext: COMPOSITE type=@[DisallowComposableCalls] kotlin.Function0<kotlin.coroutines.CoroutineContext>? origin=DEFAULT_VALUE
          CONST Null type=@[DisallowComposableCalls] kotlin.Function0<kotlin.coroutines.CoroutineContext>? value=null
        $mask0: CONST Int type=kotlin.Int value=1
        $handler: CONST Null type=kotlin.Any? value=null
    VAR name:produtoRepository type:com.example.listaelementos.repositories.ProdutoRepository [val]
      CONSTRUCTOR_CALL 'public constructor <init> (dao: com.example.listaelementos.database.dao.ProdutoDao) [primary] declared in com.example.listaelementos.repositories.ProdutoRepository' type=com.example.listaelementos.repositories.ProdutoRepository origin=null
        dao: CALL 'public abstract fun produtoDao (): com.example.listaelementos.database.dao.ProdutoDao declared in com.example.listaelementos.ListaComprasDatabase' type=com.example.listaelementos.database.dao.ProdutoDao origin=null
          $this: CALL 'public final fun <get-database> (): com.example.listaelementos.ListaComprasDatabase declared in com.example.listaelementos.ListaComprasDatabaseKt' type=com.example.listaelementos.ListaComprasDatabase origin=GET_PROPERTY
            $receiver: GET_VAR 'this$0: com.example.listaelementos.CadastroActivity declared in com.example.listaelementos.CadastroActivity.onCreate$lambda$0' type=com.example.listaelementos.CadastroActivity origin=null
    VAR name:produto type:kotlin.String [val]
      CALL 'public open fun toString (): kotlin.String declared in kotlin.Any' type=kotlin.String origin=null
        $this: CALL 'public open fun getText (): @[FlexibleNullability] android.text.Editable? declared in android.widget.EditText' type=@[FlexibleNullability] android.text.Editable? origin=GET_PROPERTY
          $this: GET_VAR '$txt_produto: @[FlexibleNullability] android.widget.EditText? declared in com.example.listaelementos.CadastroActivity.onCreate$lambda$0' type=@[FlexibleNullability] android.widget.EditText? origin=null
    VAR name:valor type:kotlin.String [val]
      CALL 'public open fun toString (): kotlin.String declared in kotlin.Any' type=kotlin.String origin=null
        $this: CALL 'public open fun getText (): @[FlexibleNullability] android.text.Editable? declared in android.widget.EditText' type=@[FlexibleNullability] android.text.Editable? origin=GET_PROPERTY
          $this: GET_VAR '$txt_valor: @[FlexibleNullability] android.widget.EditText? declared in com.example.listaelementos.CadastroActivity.onCreate$lambda$0' type=@[FlexibleNullability] android.widget.EditText? origin=null
    VAR name:qtd type:kotlin.String [val]
      CALL 'public open fun toString (): kotlin.String declared in kotlin.Any' type=kotlin.String origin=null
        $this: CALL 'public open fun getText (): @[FlexibleNullability] android.text.Editable? declared in android.widget.EditText' type=@[FlexibleNullability] android.text.Editable? origin=GET_PROPERTY
          $this: GET_VAR '$txt_qtd: @[FlexibleNullability] android.widget.EditText? declared in com.example.listaelementos.CadastroActivity.onCreate$lambda$0' type=@[FlexibleNullability] android.widget.EditText? origin=null
    COMPOSITE type=kotlin.Unit origin=null
      WHEN type=kotlin.Any origin=IF
        BRANCH
          if: CALL 'public final fun not (): kotlin.Boolean [operator] declared in kotlin.Boolean' type=kotlin.Boolean origin=null
            $this: CALL 'public final fun ANDAND (arg0: kotlin.Boolean, arg1: kotlin.Boolean): kotlin.Boolean declared in kotlin.internal.ir' type=kotlin.Boolean origin=null
              arg0: CALL 'public final fun ANDAND (arg0: kotlin.Boolean, arg1: kotlin.Boolean): kotlin.Boolean declared in kotlin.internal.ir' type=kotlin.Boolean origin=null
                arg0: CALL 'public final fun isEmpty (): kotlin.Boolean [inline] declared in kotlin.text.StringsKt' type=kotlin.Boolean origin=null
                  $receiver: GET_VAR 'val produto: kotlin.String [val] declared in com.example.listaelementos.CadastroActivity.onCreate$lambda$0' type=kotlin.String origin=null
                arg1: CALL 'public final fun isEmpty (): kotlin.Boolean [inline] declared in kotlin.text.StringsKt' type=kotlin.Boolean origin=null
                  $receiver: GET_VAR 'val valor: kotlin.String [val] declared in com.example.listaelementos.CadastroActivity.onCreate$lambda$0' type=kotlin.String origin=null
              arg1: CALL 'public final fun isEmpty (): kotlin.Boolean [inline] declared in kotlin.text.StringsKt' type=kotlin.Boolean origin=null
                $receiver: GET_VAR 'val qtd: kotlin.String [val] declared in com.example.listaelementos.CadastroActivity.onCreate$lambda$0' type=kotlin.String origin=null
          then: BLOCK type=kotlinx.coroutines.Job origin=null
            VAR name:prod type:com.example.listaelementos.models.Produto [val]
              CONSTRUCTOR_CALL 'public constructor <init> (nome: kotlin.String, valor: kotlin.Double, quantidade: kotlin.Int, foto: android.graphics.Bitmap?, id: kotlin.Int, $mask0: kotlin.Int, $marker: kotlin.jvm.internal.DefaultConstructorMarker?) declared in com.example.listaelementos.models.Produto' type=com.example.listaelementos.models.Produto origin=DEFAULT_DISPATCH_CALL
                nome: GET_VAR 'val produto: kotlin.String [val] declared in com.example.listaelementos.CadastroActivity.onCreate$lambda$0' type=kotlin.String origin=null
                valor: CALL 'public final fun toDouble (): kotlin.Double [inline] declared in kotlin.text.StringsKt' type=kotlin.Double origin=null
                  $receiver: GET_VAR 'val valor: kotlin.String [val] declared in com.example.listaelementos.CadastroActivity.onCreate$lambda$0' type=kotlin.String origin=null
                quantidade: CALL 'public final fun toInt (): kotlin.Int [inline] declared in kotlin.text.StringsKt' type=kotlin.Int origin=null
                  $receiver: GET_VAR 'val qtd: kotlin.String [val] declared in com.example.listaelementos.CadastroActivity.onCreate$lambda$0' type=kotlin.String origin=null
                foto: GET_FIELD 'FIELD PROPERTY_BACKING_FIELD name:imageBitMap type:android.graphics.Bitmap? visibility:private' type=android.graphics.Bitmap? origin=null
                  receiver: GET_VAR 'this$0: com.example.listaelementos.CadastroActivity declared in com.example.listaelementos.CadastroActivity.onCreate$lambda$0' type=com.example.listaelementos.CadastroActivity origin=null
                id: COMPOSITE type=kotlin.Int origin=DEFAULT_VALUE
                  CONST Int type=kotlin.Int value=0
                $mask0: CONST Int type=kotlin.Int value=16
                $marker: CONST Null type=kotlin.jvm.internal.DefaultConstructorMarker? value=null
            COMPOSITE type=kotlin.Unit origin=null
              CALL 'public abstract fun add (element: E of kotlin.collections.MutableList): kotlin.Boolean declared in kotlin.collections.MutableList' type=kotlin.Boolean origin=null
                $this: CALL 'public final fun <get-produtosGlobal> (): kotlin.collections.MutableList<com.example.listaelementos.models.Produto> declared in com.example.listaelementos.UtilsKt' type=kotlin.collections.MutableList<com.example.listaelementos.models.Produto> origin=GET_PROPERTY
                element: GET_VAR 'val prod: com.example.listaelementos.models.Produto [val] declared in com.example.listaelementos.CadastroActivity.onCreate$lambda$0' type=com.example.listaelementos.models.Produto origin=null
              COMPOSITE type=kotlin.Unit origin=null
            CALL 'public abstract fun clear (): kotlin.Unit declared in android.text.Editable' type=kotlin.Unit origin=null
              $this: CALL 'public open fun getText (): @[FlexibleNullability] android.text.Editable? declared in android.widget.EditText' type=@[FlexibleNullability] android.text.Editable? origin=GET_PROPERTY
                $this: GET_VAR '$txt_produto: @[FlexibleNullability] android.widget.EditText? declared in com.example.listaelementos.CadastroActivity.onCreate$lambda$0' type=@[FlexibleNullability] android.widget.EditText? origin=null
            CALL 'public abstract fun clear (): kotlin.Unit declared in android.text.Editable' type=kotlin.Unit origin=null
              $this: CALL 'public open fun getText (): @[FlexibleNullability] android.text.Editable? declared in android.widget.EditText' type=@[FlexibleNullability] android.text.Editable? origin=GET_PROPERTY
                $this: GET_VAR '$txt_qtd: @[FlexibleNullability] android.widget.EditText? declared in com.example.listaelementos.CadastroActivity.onCreate$lambda$0' type=@[FlexibleNullability] android.widget.EditText? origin=null
            CALL 'public abstract fun clear (): kotlin.Unit declared in android.text.Editable' type=kotlin.Unit origin=null
              $this: CALL 'public open fun getText (): @[FlexibleNullability] android.text.Editable? declared in android.widget.EditText' type=@[FlexibleNullability] android.text.Editable? origin=GET_PROPERTY
                $this: GET_VAR '$txt_valor: @[FlexibleNullability] android.widget.EditText? declared in com.example.listaelementos.CadastroActivity.onCreate$lambda$0' type=@[FlexibleNullability] android.widget.EditText? origin=null
            CALL 'public open fun setImageResource (p0: kotlin.Int): kotlin.Unit declared in android.widget.ImageView' type=kotlin.Unit origin=null
              $this: GET_VAR '$img_foto_produto: @[FlexibleNullability] android.widget.ImageView? declared in com.example.listaelementos.CadastroActivity.onCreate$lambda$0' type=@[FlexibleNullability] android.widget.ImageView? origin=null
              p0: CONST Int type=kotlin.Int value=17301559
            CALL 'public final fun launch$default (context: kotlin.coroutines.CoroutineContext?, start: kotlinx.coroutines.CoroutineStart?, block: @[ExtensionFunctionType] kotlin.coroutines.SuspendFunction1<kotlinx.coroutines.CoroutineScope, kotlin.Unit>, $mask0: kotlin.Int, $handler: kotlin.Any?): kotlinx.coroutines.Job declared in kotlinx.coroutines.BuildersKt' type=kotlinx.coroutines.Job origin=DEFAULT_DISPATCH_CALL
              $receiver: GET_VAR 'val scope: kotlinx.coroutines.CoroutineScope [val] declared in com.example.listaelementos.CadastroActivity.onCreate$lambda$0' type=kotlinx.coroutines.CoroutineScope origin=null
              context: COMPOSITE type=kotlin.coroutines.CoroutineContext? origin=DEFAULT_VALUE
                CONST Null type=kotlin.coroutines.CoroutineContext? value=null
              start: COMPOSITE type=kotlinx.coroutines.CoroutineStart? origin=DEFAULT_VALUE
                CONST Null type=kotlinx.coroutines.CoroutineStart? value=null
              block: BLOCK type=com.example.listaelementos.CadastroActivity.onCreate$lambda$0.<no name provided> origin=null
                CLASS SUSPEND_LAMBDA CLASS name:<no name provided> modality:FINAL visibility:public/*package*/ superTypes:[kotlin.coroutines.jvm.internal.SuspendLambda; kotlin.jvm.functions.Function2<kotlinx.coroutines.CoroutineScope, kotlin.coroutines.Continuation<kotlin.Unit>?, kotlin.Any?>]
                  $this: VALUE_PARAMETER INSTANCE_RECEIVER name:<this> type:com.example.listaelementos.CadastroActivity.onCreate$lambda$0.<no name provided>
                  FIELD name:label type:kotlin.Int visibility:public/*package*/
                  CONSTRUCTOR SUSPEND_LAMBDA visibility:public/*package*/ <> ($produtoRepository:com.example.listaelementos.repositories.ProdutoRepository, $prod:com.example.listaelementos.models.Produto, $completion:kotlin.coroutines.Continuation<com.example.listaelementos.CadastroActivity.onCreate$lambda$0.<no name provided>>?) returnType:com.example.listaelementos.CadastroActivity.onCreate$lambda$0.<no name provided> [primary]
                    VALUE_PARAMETER BOUND_VALUE_PARAMETER name:$produtoRepository index:0 type:com.example.listaelementos.repositories.ProdutoRepository
                    VALUE_PARAMETER BOUND_VALUE_PARAMETER name:$prod index:1 type:com.example.listaelementos.models.Produto
                    VALUE_PARAMETER name:$completion index:2 type:kotlin.coroutines.Continuation<com.example.listaelementos.CadastroActivity.onCreate$lambda$0.<no name provided>>?
                    BLOCK_BODY
                      SET_FIELD 'FIELD FIELD_FOR_CAPTURED_VALUE name:$produtoRepository type:com.example.listaelementos.repositories.ProdutoRepository visibility:public/*package*/ [final] declared in com.example.listaelementos.CadastroActivity.onCreate$lambda$0.<no name provided>' type=kotlin.Unit origin=INITIALIZER_OF_FIELD_FOR_CAPTURED_VALUE
                        receiver: GET_VAR '<this>: com.example.listaelementos.CadastroActivity.onCreate$lambda$0.<no name provided> declared in com.example.listaelementos.CadastroActivity.onCreate$lambda$0.<no name provided>' type=com.example.listaelementos.CadastroActivity.onCreate$lambda$0.<no name provided> origin=null
                        value: GET_VAR '$produtoRepository: com.example.listaelementos.repositories.ProdutoRepository declared in com.example.listaelementos.CadastroActivity.onCreate$lambda$0.<no name provided>.<init>' type=com.example.listaelementos.repositories.ProdutoRepository origin=null
                      SET_FIELD 'FIELD FIELD_FOR_CAPTURED_VALUE name:$prod type:com.example.listaelementos.models.Produto visibility:public/*package*/ [final] declared in com.example.listaelementos.CadastroActivity.onCreate$lambda$0.<no name provided>' type=kotlin.Unit origin=INITIALIZER_OF_FIELD_FOR_CAPTURED_VALUE
                        receiver: GET_VAR '<this>: com.example.listaelementos.CadastroActivity.onCreate$lambda$0.<no name provided> declared in com.example.listaelementos.CadastroActivity.onCreate$lambda$0.<no name provided>' type=com.example.listaelementos.CadastroActivity.onCreate$lambda$0.<no name provided> origin=null
                        value: GET_VAR '$prod: com.example.listaelementos.models.Produto declared in com.example.listaelementos.CadastroActivity.onCreate$lambda$0.<no name provided>.<init>' type=com.example.listaelementos.models.Produto origin=null
                      DELEGATING_CONSTRUCTOR_CALL 'public constructor <init> (arity: kotlin.Int, $completion: kotlin.coroutines.Continuation<kotlin.Any?>?) declared in kotlin.coroutines.jvm.internal.SuspendLambda'
                        arity: CONST Int type=kotlin.Int value=2
                        $completion: GET_VAR '$completion: kotlin.coroutines.Continuation<com.example.listaelementos.CadastroActivity.onCreate$lambda$0.<no name provided>>? declared in com.example.listaelementos.CadastroActivity.onCreate$lambda$0.<no name provided>.<init>' type=kotlin.coroutines.Continuation<com.example.listaelementos.CadastroActivity.onCreate$lambda$0.<no name provided>>? origin=null
                      BLOCK type=kotlin.Unit origin=null
                  FUN name:invokeSuspend visibility:public modality:FINAL <> ($this:com.example.listaelementos.CadastroActivity.onCreate$lambda$0.<no name provided>, $result:kotlin.Result<kotlin.Any?>) returnType:kotlin.Any?
                    overridden:
                      protected abstract fun invokeSuspend ($result: kotlin.Result<kotlin.Any?>): kotlin.Any? declared in kotlin.coroutines.jvm.internal.SuspendLambda
                    $this: VALUE_PARAMETER INSTANCE_RECEIVER name:<this> type:com.example.listaelementos.CadastroActivity.onCreate$lambda$0.<no name provided>
                    VALUE_PARAMETER name:$result index:0 type:kotlin.Result<kotlin.Any?>
                    BLOCK_BODY
                      CALL 'public final fun save (prod: com.example.listaelementos.models.Produto, $completion: kotlin.coroutines.Continuation<kotlin.Unit>): kotlin.Any? [suspend] declared in com.example.listaelementos.repositories.ProdutoRepository' type=kotlin.Unit origin=null
                        $this: GET_FIELD 'FIELD FIELD_FOR_CAPTURED_VALUE name:$produtoRepository type:com.example.listaelementos.repositories.ProdutoRepository visibility:public/*package*/ [final] declared in com.example.listaelementos.CadastroActivity.onCreate$lambda$0.<no name provided>' type=com.example.listaelementos.repositories.ProdutoRepository origin=null
                          receiver: GET_VAR '<this>: com.example.listaelementos.CadastroActivity.onCreate$lambda$0.<no name provided> declared in com.example.listaelementos.CadastroActivity.onCreate$lambda$0.<no name provided>.invokeSuspend' type=com.example.listaelementos.CadastroActivity.onCreate$lambda$0.<no name provided> origin=null
                        prod: GET_FIELD 'FIELD FIELD_FOR_CAPTURED_VALUE name:$prod type:com.example.listaelementos.models.Produto visibility:public/*package*/ [final] declared in com.example.listaelementos.CadastroActivity.onCreate$lambda$0.<no name provided>' type=com.example.listaelementos.models.Produto origin=null
                          receiver: GET_VAR '<this>: com.example.listaelementos.CadastroActivity.onCreate$lambda$0.<no name provided> declared in com.example.listaelementos.CadastroActivity.onCreate$lambda$0.<no name provided>.invokeSuspend' type=com.example.listaelementos.CadastroActivity.onCreate$lambda$0.<no name provided> origin=null
                        $completion: GET_VAR '<this>: com.example.listaelementos.CadastroActivity.onCreate$lambda$0.<no name provided> declared in com.example.listaelementos.CadastroActivity.onCreate$lambda$0.<no name provided>.invokeSuspend' type=com.example.listaelementos.CadastroActivity.onCreate$lambda$0.<no name provided> origin=null
                  FUN name:create visibility:public modality:FINAL <> ($this:com.example.listaelementos.CadastroActivity.onCreate$lambda$0.<no name provided>, value:kotlin.Any?, $completion:kotlin.coroutines.Continuation<kotlin.Nothing>) returnType:kotlin.coroutines.Continuation<kotlin.Unit>
                    overridden:
                      public open fun create (value: kotlin.Any?, $completion: kotlin.coroutines.Continuation<kotlin.Nothing>): kotlin.coroutines.Continuation<kotlin.Unit> declared in kotlin.coroutines.jvm.internal.SuspendLambda
                    $this: VALUE_PARAMETER INSTANCE_RECEIVER name:<this> type:com.example.listaelementos.CadastroActivity.onCreate$lambda$0.<no name provided>
                    VALUE_PARAMETER name:value index:0 type:kotlin.Any?
                    VALUE_PARAMETER name:$completion index:1 type:kotlin.coroutines.Continuation<kotlin.Nothing>
                    BLOCK_BODY
                      RETURN type=kotlin.Nothing from='public final fun create (value: kotlin.Any?, $completion: kotlin.coroutines.Continuation<kotlin.Nothing>): kotlin.coroutines.Continuation<kotlin.Unit> declared in com.example.listaelementos.CadastroActivity.onCreate$lambda$0.<no name provided>'
                        CONSTRUCTOR_CALL 'public/*package*/ constructor <init> ($produtoRepository: com.example.listaelementos.repositories.ProdutoRepository, $prod: com.example.listaelementos.models.Produto, $completion: kotlin.coroutines.Continuation<com.example.listaelementos.CadastroActivity.onCreate$lambda$0.<no name provided>>?) [primary] declared in com.example.listaelementos.CadastroActivity.onCreate$lambda$0.<no name provided>' type=com.example.listaelementos.CadastroActivity.onCreate$lambda$0.<no name provided> origin=null
                          $produtoRepository: GET_FIELD 'FIELD FIELD_FOR_CAPTURED_VALUE name:$produtoRepository type:com.example.listaelementos.repositories.ProdutoRepository visibility:public/*package*/ [final] declared in com.example.listaelementos.CadastroActivity.onCreate$lambda$0.<no name provided>' type=com.example.listaelementos.repositories.ProdutoRepository origin=null
                            receiver: GET_VAR '<this>: com.example.listaelementos.CadastroActivity.onCreate$lambda$0.<no name provided> declared in com.example.listaelementos.CadastroActivity.onCreate$lambda$0.<no name provided>.create' type=com.example.listaelementos.CadastroActivity.onCreate$lambda$0.<no name provided> origin=null
                          $prod: GET_FIELD 'FIELD FIELD_FOR_CAPTURED_VALUE name:$prod type:com.example.listaelementos.models.Produto visibility:public/*package*/ [final] declared in com.example.listaelementos.CadastroActivity.onCreate$lambda$0.<no name provided>' type=com.example.listaelementos.models.Produto origin=null
                            receiver: GET_VAR '<this>: com.example.listaelementos.CadastroActivity.onCreate$lambda$0.<no name provided> declared in com.example.listaelementos.CadastroActivity.onCreate$lambda$0.<no name provided>.create' type=com.example.listaelementos.CadastroActivity.onCreate$lambda$0.<no name provided> origin=null
                          $completion: GET_VAR '$completion: kotlin.coroutines.Continuation<kotlin.Nothing> declared in com.example.listaelementos.CadastroActivity.onCreate$lambda$0.<no name provided>.create' type=kotlin.coroutines.Continuation<kotlin.Nothing> origin=null
                  FUN name:invoke visibility:public modality:FINAL <> ($this:com.example.listaelementos.CadastroActivity.onCreate$lambda$0.<no name provided>, p1:kotlinx.coroutines.CoroutineScope, p2:kotlin.coroutines.Continuation<kotlin.Unit>?) returnType:kotlin.Any?
                    overridden:
                      public abstract fun invoke (p1: P1 of kotlin.jvm.functions.Function2, p2: P2 of kotlin.jvm.functions.Function2): R of kotlin.jvm.functions.Function2 declared in kotlin.jvm.functions.Function2
                    $this: VALUE_PARAMETER INSTANCE_RECEIVER name:<this> type:com.example.listaelementos.CadastroActivity.onCreate$lambda$0.<no name provided>
                    VALUE_PARAMETER name:p1 index:0 type:kotlinx.coroutines.CoroutineScope
                    VALUE_PARAMETER name:p2 index:1 type:kotlin.coroutines.Continuation<kotlin.Unit>?
                    BLOCK_BODY
                      RETURN type=kotlin.Nothing from='public final fun invoke (p1: kotlinx.coroutines.CoroutineScope, p2: kotlin.coroutines.Continuation<kotlin.Unit>?): kotlin.Any? declared in com.example.listaelementos.CadastroActivity.onCreate$lambda$0.<no name provided>'
                        CALL 'public final fun invokeSuspend ($result: kotlin.Result<kotlin.Any?>): kotlin.Any? declared in com.example.listaelementos.CadastroActivity.onCreate$lambda$0.<no name provided>' type=kotlin.Any? origin=null
                          $this: TYPE_OP type=com.example.listaelementos.CadastroActivity.onCreate$lambda$0.<no name provided> origin=IMPLICIT_CAST typeOperand=com.example.listaelementos.CadastroActivity.onCreate$lambda$0.<no name provided>
                            CALL 'public final fun create (value: kotlin.Any?, $completion: kotlin.coroutines.Continuation<kotlin.Nothing>): kotlin.coroutines.Continuation<kotlin.Unit> declared in com.example.listaelementos.CadastroActivity.onCreate$lambda$0.<no name provided>' type=kotlin.coroutines.Continuation<kotlin.Unit> origin=null
                              $this: GET_VAR '<this>: com.example.listaelementos.CadastroActivity.onCreate$lambda$0.<no name provided> declared in com.example.listaelementos.CadastroActivity.onCreate$lambda$0.<no name provided>.invoke' type=com.example.listaelementos.CadastroActivity.onCreate$lambda$0.<no name provided> origin=null
                              value: GET_VAR 'p1: kotlinx.coroutines.CoroutineScope declared in com.example.listaelementos.CadastroActivity.onCreate$lambda$0.<no name provided>.invoke' type=kotlinx.coroutines.CoroutineScope origin=null
                              $completion: GET_VAR 'p2: kotlin.coroutines.Continuation<kotlin.Unit>? declared in com.example.listaelementos.CadastroActivity.onCreate$lambda$0.<no name provided>.invoke' type=kotlin.coroutines.Continuation<kotlin.Unit>? origin=null
                          $result: CALL 'public final fun <unsafe-coerce> <T, R> (v: T of kotlin.jvm.internal.<unsafe-coerce>): R of kotlin.jvm.internal.<unsafe-coerce> declared in kotlin.jvm.internal' type=kotlin.Result<kotlin.Any?> origin=null
                            <T>: kotlin.Any?
                            <R>: kotlin.Result<kotlin.Any?>
                            v: GET_FIELD 'FIELD FIELD_FOR_OBJECT_INSTANCE name:INSTANCE type:kotlin.Unit visibility:public [final,static] declared in kotlin.Unit' type=kotlin.Unit origin=null
                  FIELD FIELD_FOR_CAPTURED_VALUE name:$produtoRepository type:com.example.listaelementos.repositories.ProdutoRepository visibility:public/*package*/ [final]
                  FIELD FIELD_FOR_CAPTURED_VALUE name:$prod type:com.example.listaelementos.models.Produto visibility:public/*package*/ [final]
                  FUN BRIDGE name:invoke visibility:public modality:OPEN <> ($this:com.example.listaelementos.CadastroActivity.onCreate$lambda$0.<no name provided>, p1:kotlin.Any?, p2:kotlin.Any?) returnType:kotlin.Any?
                    $this: VALUE_PARAMETER INSTANCE_RECEIVER name:<this> type:com.example.listaelementos.CadastroActivity.onCreate$lambda$0.<no name provided>
                    VALUE_PARAMETER BRIDGE name:p1 index:0 type:kotlin.Any?
                    VALUE_PARAMETER BRIDGE name:p2 index:1 type:kotlin.Any?
                    EXPRESSION_BODY
                      RETURN type=kotlin.Nothing from='public open fun invoke (p1: kotlin.Any?, p2: kotlin.Any?): kotlin.Any? declared in com.example.listaelementos.CadastroActivity.onCreate$lambda$0.<no name provided>'
                        CALL 'public final fun invoke (p1: kotlinx.coroutines.CoroutineScope, p2: kotlin.coroutines.Continuation<kotlin.Unit>?): kotlin.Any? declared in com.example.listaelementos.CadastroActivity.onCreate$lambda$0.<no name provided>' type=kotlin.Any? origin=BRIDGE_DELEGATION
                          $this: GET_VAR '<this>: com.example.listaelementos.CadastroActivity.onCreate$lambda$0.<no name provided> declared in com.example.listaelementos.CadastroActivity.onCreate$lambda$0.<no name provided>.invoke' type=com.example.listaelementos.CadastroActivity.onCreate$lambda$0.<no name provided> origin=null
                          p1: TYPE_OP type=kotlinx.coroutines.CoroutineScope origin=IMPLICIT_CAST typeOperand=kotlinx.coroutines.CoroutineScope
                            GET_VAR 'p1: kotlin.Any? declared in com.example.listaelementos.CadastroActivity.onCreate$lambda$0.<no name provided>.invoke' type=kotlin.Any? origin=null
                          p2: TYPE_OP type=kotlin.coroutines.Continuation<*> origin=IMPLICIT_CAST typeOperand=kotlin.coroutines.Continuation<*>
                            GET_VAR 'p2: kotlin.Any? declared in com.example.listaelementos.CadastroActivity.onCreate$lambda$0.<no name provided>.invoke' type=kotlin.Any? origin=null
                CONSTRUCTOR_CALL 'public/*package*/ constructor <init> ($produtoRepository: com.example.listaelementos.repositories.ProdutoRepository, $prod: com.example.listaelementos.models.Produto, $completion: kotlin.coroutines.Continuation<com.example.listaelementos.CadastroActivity.onCreate$lambda$0.<no name provided>>?) [primary] declared in com.example.listaelementos.CadastroActivity.onCreate$lambda$0.<no name provided>' type=com.example.listaelementos.CadastroActivity.onCreate$lambda$0.<no name provided> origin=null
                  $produtoRepository: GET_VAR 'val produtoRepository: com.example.listaelementos.repositories.ProdutoRepository [val] declared in com.example.listaelementos.CadastroActivity.onCreate$lambda$0' type=com.example.listaelementos.repositories.ProdutoRepository origin=null
                  $prod: GET_VAR 'val prod: com.example.listaelementos.models.Produto [val] declared in com.example.listaelementos.CadastroActivity.onCreate$lambda$0' type=com.example.listaelementos.models.Produto origin=null
                  $completion: CONST Null type=kotlin.Nothing? value=null
              $mask0: CONST Int type=kotlin.Int value=3
              $handler: CONST Null type=kotlin.Any? value=null
        BRANCH
          if: CONST Boolean type=kotlin.Boolean value=true
          then: BLOCK type=kotlin.Unit origin=null
            CALL 'public open fun setError (p0: @[FlexibleNullability] kotlin.CharSequence?): kotlin.Unit [fake_override] declared in android.widget.EditText' type=kotlin.Unit origin=EQ
              $this: GET_VAR '$txt_produto: @[FlexibleNullability] android.widget.EditText? declared in com.example.listaelementos.CadastroActivity.onCreate$lambda$0' type=@[FlexibleNullability] android.widget.EditText? origin=null
              p0: WHEN type=@[FlexibleNullability] kotlin.CharSequence? origin=IF
                BRANCH
                  if: CALL 'public final fun isNotEmpty (): kotlin.Boolean [inline] declared in kotlin.text.StringsKt' type=kotlin.Boolean origin=null
                    $receiver: BLOCK type=android.text.Editable origin=null
                      VAR IR_TEMPORARY_VARIABLE name:tmp0 type:kotlin.Any? [val]
                        CALL 'public open fun getText (): @[FlexibleNullability] android.text.Editable? declared in android.widget.EditText' type=@[FlexibleNullability] android.text.Editable? origin=GET_PROPERTY
                          $this: GET_VAR '$txt_produto: @[FlexibleNullability] android.widget.EditText? declared in com.example.listaelementos.CadastroActivity.onCreate$lambda$0' type=@[FlexibleNullability] android.widget.EditText? origin=null
                      CALL 'public final fun checkNotNullExpressionValue (value: kotlin.Any?, expression: kotlin.String): kotlin.Unit declared in kotlin.jvm.internal.Intrinsics' type=kotlin.Unit origin=null
                        value: GET_VAR 'val tmp0: kotlin.Any? [val] declared in com.example.listaelementos.CadastroActivity.onCreate$lambda$0' type=kotlin.Any? origin=null
                        expression: CONST String type=kotlin.String value="getText(...)"
                      GET_VAR 'val tmp0: kotlin.Any? [val] declared in com.example.listaelementos.CadastroActivity.onCreate$lambda$0' type=kotlin.Any? origin=null
                  then: CONST String type=kotlin.String value="Preencha o produto devidamente"
                BRANCH
                  if: CONST Boolean type=kotlin.Boolean value=true
                  then: CONST Null type=kotlin.Nothing? value=null
            CALL 'public open fun setError (p0: @[FlexibleNullability] kotlin.CharSequence?): kotlin.Unit [fake_override] declared in android.widget.EditText' type=kotlin.Unit origin=EQ
              $this: GET_VAR '$txt_qtd: @[FlexibleNullability] android.widget.EditText? declared in com.example.listaelementos.CadastroActivity.onCreate$lambda$0' type=@[FlexibleNullability] android.widget.EditText? origin=null
              p0: WHEN type=@[FlexibleNullability] kotlin.CharSequence? origin=IF
                BRANCH
                  if: CALL 'public final fun isNotEmpty (): kotlin.Boolean [inline] declared in kotlin.text.StringsKt' type=kotlin.Boolean origin=null
                    $receiver: BLOCK type=android.text.Editable origin=null
                      VAR IR_TEMPORARY_VARIABLE name:tmp1 type:kotlin.Any? [val]
                        CALL 'public open fun getText (): @[FlexibleNullability] android.text.Editable? declared in android.widget.EditText' type=@[FlexibleNullability] android.text.Editable? origin=GET_PROPERTY
                          $this: GET_VAR '$txt_qtd: @[FlexibleNullability] android.widget.EditText? declared in com.example.listaelementos.CadastroActivity.onCreate$lambda$0' type=@[FlexibleNullability] android.widget.EditText? origin=null
                      CALL 'public final fun checkNotNullExpressionValue (value: kotlin.Any?, expression: kotlin.String): kotlin.Unit declared in kotlin.jvm.internal.Intrinsics' type=kotlin.Unit origin=null
                        value: GET_VAR 'val tmp1: kotlin.Any? [val] declared in com.example.listaelementos.CadastroActivity.onCreate$lambda$0' type=kotlin.Any? origin=null
                        expression: CONST String type=kotlin.String value="getText(...)"
                      GET_VAR 'val tmp1: kotlin.Any? [val] declared in com.example.listaelementos.CadastroActivity.onCreate$lambda$0' type=kotlin.Any? origin=null
                  then: CONST String type=kotlin.String value="Preencha a quantidade devidamente"
                BRANCH
                  if: CONST Boolean type=kotlin.Boolean value=true
                  then: CONST Null type=kotlin.Nothing? value=null
            CALL 'public open fun setError (p0: @[FlexibleNullability] kotlin.CharSequence?): kotlin.Unit [fake_override] declared in android.widget.EditText' type=kotlin.Unit origin=EQ
              $this: GET_VAR '$txt_valor: @[FlexibleNullability] android.widget.EditText? declared in com.example.listaelementos.CadastroActivity.onCreate$lambda$0' type=@[FlexibleNullability] android.widget.EditText? origin=null
              p0: WHEN type=@[FlexibleNullability] kotlin.CharSequence? origin=IF
                BRANCH
                  if: CALL 'public final fun isNotEmpty (): kotlin.Boolean [inline] declared in kotlin.text.StringsKt' type=kotlin.Boolean origin=null
                    $receiver: BLOCK type=android.text.Editable origin=null
                      VAR IR_TEMPORARY_VARIABLE name:tmp2 type:kotlin.Any? [val]
                        CALL 'public open fun getText (): @[FlexibleNullability] android.text.Editable? declared in android.widget.EditText' type=@[FlexibleNullability] android.text.Editable? origin=GET_PROPERTY
                          $this: GET_VAR '$txt_valor: @[FlexibleNullability] android.widget.EditText? declared in com.example.listaelementos.CadastroActivity.onCreate$lambda$0' type=@[FlexibleNullability] android.widget.EditText? origin=null
                      CALL 'public final fun checkNotNullExpressionValue (value: kotlin.Any?, expression: kotlin.String): kotlin.Unit declared in kotlin.jvm.internal.Intrinsics' type=kotlin.Unit origin=null
                        value: GET_VAR 'val tmp2: kotlin.Any? [val] declared in com.example.listaelementos.CadastroActivity.onCreate$lambda$0' type=kotlin.Any? origin=null
                        expression: CONST String type=kotlin.String value="getText(...)"
                      GET_VAR 'val tmp2: kotlin.Any? [val] declared in com.example.listaelementos.CadastroActivity.onCreate$lambda$0' type=kotlin.Any? origin=null
                  then: CONST String type=kotlin.String value="Preencha o valor devidamente"
                BRANCH
                  if: CONST Boolean type=kotlin.Boolean value=true
                  then: CONST Null type=kotlin.Nothing? value=null
      COMPOSITE type=kotlin.Unit origin=null

	at org.jetbrains.kotlin.backend.jvm.codegen.FunctionCodegen.generate(FunctionCodegen.kt:47)
	at org.jetbrains.kotlin.backend.jvm.codegen.FunctionCodegen.generate$default(FunctionCodegen.kt:40)
	at org.jetbrains.kotlin.backend.jvm.codegen.ClassCodegen.generateMethodNode(ClassCodegen.kt:406)
	at org.jetbrains.kotlin.backend.jvm.codegen.ClassCodegen.generateMethod(ClassCodegen.kt:423)
	at org.jetbrains.kotlin.backend.jvm.codegen.ClassCodegen.generate(ClassCodegen.kt:168)
	at org.jetbrains.kotlin.backend.jvm.FileCodegen.lower(JvmPhases.kt:39)
	at org.jetbrains.kotlin.backend.common.phaser.PhaseFactoriesKt.createFilePhase$lambda$4(PhaseFactories.kt:71)
	at org.jetbrains.kotlin.backend.common.phaser.PhaseBuildersKt$createSimpleNamedCompilerPhase$1.phaseBody(PhaseBuilders.kt:69)
	at org.jetbrains.kotlin.backend.common.phaser.SimpleNamedCompilerPhase.phaseBody(CompilerPhase.kt:226)
	at org.jetbrains.kotlin.backend.common.phaser.AbstractNamedCompilerPhase.invoke(CompilerPhase.kt:113)
	at org.jetbrains.kotlin.backend.common.phaser.PerformByIrFilePhase.invokeSequential(performByIrFile.kt:62)
	... 44 more
Caused by: org.jetbrains.kotlin.codegen.CompilationException: Back-end (JVM) Internal error: Couldn't inline method call: CALL 'public final fun rememberCoroutineScope$default (getContext: @[DisallowComposableCalls] kotlin.Function0<kotlin.coroutines.CoroutineContext>?, $mask0: kotlin.Int, $handler: kotlin.Any?): kotlinx.coroutines.CoroutineScope [inline] declared in androidx.compose.runtime.EffectsKt' type=kotlinx.coroutines.CoroutineScope origin=DEFAULT_DISPATCH_CALL
Method: null
File is unknown
The root cause java.lang.IllegalStateException was thrown at: org.jetbrains.kotlin.codegen.inline.SourceCompilerForInlineKt.getMethodNode(SourceCompilerForInline.kt:118)
	at org.jetbrains.kotlin.codegen.inline.InlineCodegen.performInline(InlineCodegen.kt:65)
	at org.jetbrains.kotlin.backend.jvm.codegen.IrInlineCodegen.genInlineCall(IrInlineCodegen.kt:163)
	at org.jetbrains.kotlin.backend.jvm.codegen.IrInlineCallGenerator.genCall(IrInlineCallGenerator.kt:36)
	at org.jetbrains.kotlin.backend.jvm.codegen.ExpressionCodegen.visitCall(ExpressionCodegen.kt:653)
	at org.jetbrains.kotlin.backend.jvm.codegen.ExpressionCodegen.visitCall(ExpressionCodegen.kt:138)
	at org.jetbrains.kotlin.ir.expressions.IrCall.accept(IrCall.kt:24)
	at org.jetbrains.kotlin.backend.jvm.codegen.ExpressionCodegen.visitVariable(ExpressionCodegen.kt:790)
	at org.jetbrains.kotlin.backend.jvm.codegen.ExpressionCodegen.visitVariable(ExpressionCodegen.kt:138)
	at org.jetbrains.kotlin.ir.declarations.IrVariable.accept(IrVariable.kt:36)
	at org.jetbrains.kotlin.backend.jvm.codegen.ExpressionCodegen.visitStatementContainer(ExpressionCodegen.kt:579)
	at org.jetbrains.kotlin.backend.jvm.codegen.ExpressionCodegen.visitBlockBody(ExpressionCodegen.kt:584)
	at org.jetbrains.kotlin.backend.jvm.codegen.ExpressionCodegen.visitBlockBody(ExpressionCodegen.kt:138)
	at org.jetbrains.kotlin.ir.expressions.IrBlockBody.accept(IrBlockBody.kt:20)
	at org.jetbrains.kotlin.backend.jvm.codegen.ExpressionCodegen.generate(ExpressionCodegen.kt:240)
	at org.jetbrains.kotlin.backend.jvm.codegen.FunctionCodegen.doGenerate(FunctionCodegen.kt:123)
	at org.jetbrains.kotlin.backend.jvm.codegen.FunctionCodegen.generate(FunctionCodegen.kt:44)
	... 54 more
Caused by: java.lang.IllegalStateException: couldn't find inline method Landroidx/compose/runtime/EffectsKt;.rememberCoroutineScope$default(Lkotlin/jvm/functions/Function0;ILjava/lang/Object;)Lkotlinx/coroutines/CoroutineScope;
	at org.jetbrains.kotlin.codegen.inline.SourceCompilerForInlineKt.getMethodNode(SourceCompilerForInline.kt:118)
	at org.jetbrains.kotlin.codegen.inline.SourceCompilerForInlineKt.loadCompiledInlineFunction(SourceCompilerForInline.kt:96)
	at org.jetbrains.kotlin.backend.jvm.codegen.IrSourceCompilerForInline.compileInlineFunction(IrSourceCompilerForInline.kt:91)
	at org.jetbrains.kotlin.codegen.inline.InlineCodegen.compileInline(InlineCodegen.kt:43)
	at org.jetbrains.kotlin.codegen.inline.InlineCodegen.performInline(InlineCodegen.kt:51)
	... 69 more


